
> backend@1.0.0 dev:api /home/linh/uth/utoto/apps/backend
> ts-node -r tsconfig-paths/register src/api/server.ts

[ 'http://localhost:5173', 'http://localhost:5174' ]
{"level":30,"time":1769818779294,"pid":45789,"hostname":"DESKTOP-O37TKCR","msg":"Server listening at http://127.0.0.1:4000"}
Server đang chạy: http://localhost:4000
Kết nối đến Redis thành công!
{"level":30,"time":1769818782707,"pid":45789,"hostname":"DESKTOP-O37TKCR","reqId":"req-1","req":{"method":"GET","url":"/gps/sse?l=60a12345","host":"localhost:4000","remoteAddress":"127.0.0.1","remotePort":55730},"msg":"incoming request"}
Keep alive status: true
Sending...
Sending...
Sending...
Sending...
Sending...
Sending...
Sending...
Sending...
Sending...
Sending...
Sending...
Sending...
Sending...
Sending...
Sending...
Sending...
Sending...
{"level":30,"time":1769818819311,"pid":45789,"hostname":"DESKTOP-O37TKCR","reqId":"req-2","req":{"method":"GET","url":"/car/search?license_number=60A12345","host":"localhost:4000","remoteAddress":"127.0.0.1","remotePort":56448},"msg":"incoming request"}
Sending...
{"level":30,"time":1769818819480,"pid":45789,"hostname":"DESKTOP-O37TKCR","reqId":"req-2","res":{"statusCode":200},"responseTime":167.65954999998212,"msg":"request completed"}
Sending...
Sending...
Sending...
Sending...
Sending...
Sending...
Sending...
Sending...
Sending...
Sending...
Connection closed
{"level":30,"time":1769818847225,"pid":45789,"hostname":"DESKTOP-O37TKCR","reqId":"req-3","req":{"method":"OPTIONS","url":"/trip?owner_id=Pm1ck6ojXiFujSHWQfTc","host":"localhost:4000","remoteAddress":"127.0.0.1","remotePort":56448},"msg":"incoming request"}
{"level":30,"time":1769818847236,"pid":45789,"hostname":"DESKTOP-O37TKCR","reqId":"req-3","res":{"statusCode":204},"responseTime":9.536136000417173,"msg":"request completed"}
{"level":30,"time":1769818847534,"pid":45789,"hostname":"DESKTOP-O37TKCR","reqId":"req-4","req":{"method":"GET","url":"/gps/sse?l=undefined","host":"localhost:4000","remoteAddress":"127.0.0.1","remotePort":40516},"msg":"incoming request"}
Keep alive status: true
{"level":30,"time":1769818847545,"pid":45789,"hostname":"DESKTOP-O37TKCR","reqId":"req-5","req":{"method":"GET","url":"/trip?owner_id=Pm1ck6ojXiFujSHWQfTc","host":"localhost:4000","remoteAddress":"127.0.0.1","remotePort":40522},"msg":"incoming request"}
{"level":30,"time":1769818848409,"pid":45789,"hostname":"DESKTOP-O37TKCR","reqId":"req-5","res":{"statusCode":200},"responseTime":863.5018540006131,"msg":"request completed"}
Connection closed
{"level":30,"time":1769818848676,"pid":45789,"hostname":"DESKTOP-O37TKCR","reqId":"req-6","req":{"method":"GET","url":"/gps/sse?l=60a12345","host":"localhost:4000","remoteAddress":"127.0.0.1","remotePort":40522},"msg":"incoming request"}
Keep alive status: true
Sending...
Sending...
Sending...
Sending...
Sending...
Sending...
Sending...
Sending...
Sending...
Sending...
Sending...
Sending...
Sending...
Sending...
Sending...
Sending...
Sending...
Sending...
Sending...
Sending...
Sending...
Sending...
Sending...
Sending...
Sending...
Sending...
Sending...
Sending...
Sending...
Sending...
Sending...
Sending...
Sending...
Sending...
Connection closed
{"level":30,"time":1769818919967,"pid":45789,"hostname":"DESKTOP-O37TKCR","reqId":"req-7","req":{"method":"OPTIONS","url":"/trip?owner_id=Pm1ck6ojXiFujSHWQfTc","host":"localhost:4000","remoteAddress":"127.0.0.1","remotePort":56448},"msg":"incoming request"}
{"level":30,"time":1769818919968,"pid":45789,"hostname":"DESKTOP-O37TKCR","reqId":"req-7","res":{"statusCode":204},"responseTime":0.7018789993599057,"msg":"request completed"}
{"level":30,"time":1769818920332,"pid":45789,"hostname":"DESKTOP-O37TKCR","reqId":"req-8","req":{"method":"GET","url":"/gps/sse?l=undefined","host":"localhost:4000","remoteAddress":"127.0.0.1","remotePort":45128},"msg":"incoming request"}
Keep alive status: true
{"level":30,"time":1769818920347,"pid":45789,"hostname":"DESKTOP-O37TKCR","reqId":"req-9","req":{"method":"GET","url":"/trip?owner_id=Pm1ck6ojXiFujSHWQfTc","host":"localhost:4000","remoteAddress":"127.0.0.1","remotePort":45134},"msg":"incoming request"}
{"level":30,"time":1769818920572,"pid":45789,"hostname":"DESKTOP-O37TKCR","reqId":"req-9","res":{"statusCode":200},"responseTime":224.40398600045592,"msg":"request completed"}
Connection closed
{"level":30,"time":1769818921088,"pid":45789,"hostname":"DESKTOP-O37TKCR","reqId":"req-a","req":{"method":"GET","url":"/gps/sse?l=60a12345","host":"localhost:4000","remoteAddress":"127.0.0.1","remotePort":45134},"msg":"incoming request"}
Keep alive status: true
Sending...
Sending...
Sending...
Sending...
Sending...
Sending...
Sending...
Sending...
Sending...
Sending...
Sending...
Sending...
Sending...
Sending...
Sending...
Sending...
Sending...
Sending...
Sending...
Sending...
Sending...
Sending...
Sending...
Sending...
Sending...
Sending...
Sending...
Sending...
Sending...
Sending...
Connection closed
{"level":30,"time":1769818983268,"pid":45789,"hostname":"DESKTOP-O37TKCR","reqId":"req-b","req":{"method":"OPTIONS","url":"/trip?owner_id=Pm1ck6ojXiFujSHWQfTc","host":"localhost:4000","remoteAddress":"127.0.0.1","remotePort":56448},"msg":"incoming request"}
{"level":30,"time":1769818983269,"pid":45789,"hostname":"DESKTOP-O37TKCR","reqId":"req-b","res":{"statusCode":204},"responseTime":0.8934129998087883,"msg":"request completed"}
{"level":30,"time":1769818983561,"pid":45789,"hostname":"DESKTOP-O37TKCR","reqId":"req-c","req":{"method":"GET","url":"/gps/sse?l=undefined","host":"localhost:4000","remoteAddress":"127.0.0.1","remotePort":45604},"msg":"incoming request"}
Keep alive status: true
{"level":30,"time":1769818983581,"pid":45789,"hostname":"DESKTOP-O37TKCR","reqId":"req-d","req":{"method":"GET","url":"/trip?owner_id=Pm1ck6ojXiFujSHWQfTc","host":"localhost:4000","remoteAddress":"127.0.0.1","remotePort":45612},"msg":"incoming request"}
{"level":30,"time":1769818983860,"pid":45789,"hostname":"DESKTOP-O37TKCR","reqId":"req-d","res":{"statusCode":200},"responseTime":279.06982799991965,"msg":"request completed"}
{"level":30,"time":1769818984632,"pid":45789,"hostname":"DESKTOP-O37TKCR","reqId":"req-e","req":{"method":"GET","url":"/gps/sse?l=60a12345","host":"localhost:4000","remoteAddress":"127.0.0.1","remotePort":45612},"msg":"incoming request"}
Keep alive status: true
Connection closed
Sending...
Sending...
Sending...
Sending...
Sending...
Sending...
Sending...
Sending...
Sending...
Sending...
Sending...
Sending...
Sending...
Sending...
Sending...
Sending...
Sending...
{"level":30,"time":1769819019938,"pid":45789,"hostname":"DESKTOP-O37TKCR","reqId":"req-f","req":{"method":"OPTIONS","url":"/car/search?owner_id=Pm1ck6ojXiFujSHWQfTc","host":"localhost:4000","remoteAddress":"127.0.0.1","remotePort":56448},"msg":"incoming request"}
{"level":30,"time":1769819019938,"pid":45789,"hostname":"DESKTOP-O37TKCR","reqId":"req-f","res":{"statusCode":204},"responseTime":0.442692999728024,"msg":"request completed"}
{"level":30,"time":1769819019940,"pid":45789,"hostname":"DESKTOP-O37TKCR","reqId":"req-g","req":{"method":"OPTIONS","url":"/car/search?owner_id=Pm1ck6ojXiFujSHWQfTc","host":"localhost:4000","remoteAddress":"127.0.0.1","remotePort":56448},"msg":"incoming request"}
{"level":30,"time":1769819019941,"pid":45789,"hostname":"DESKTOP-O37TKCR","reqId":"req-g","res":{"statusCode":204},"responseTime":0.8436899995431304,"msg":"request completed"}
{"level":30,"time":1769819019943,"pid":45789,"hostname":"DESKTOP-O37TKCR","reqId":"req-h","req":{"method":"GET","url":"/car/search?owner_id=Pm1ck6ojXiFujSHWQfTc","host":"localhost:4000","remoteAddress":"127.0.0.1","remotePort":45628},"msg":"incoming request"}
Connection closed
{"level":30,"time":1769819020014,"pid":45789,"hostname":"DESKTOP-O37TKCR","reqId":"req-h","res":{"statusCode":200},"responseTime":70.98824700061232,"msg":"request completed"}
{"level":30,"time":1769819020017,"pid":45789,"hostname":"DESKTOP-O37TKCR","reqId":"req-i","req":{"method":"GET","url":"/car/search?owner_id=Pm1ck6ojXiFujSHWQfTc","host":"localhost:4000","remoteAddress":"127.0.0.1","remotePort":45628},"msg":"incoming request"}
{"level":30,"time":1769819020068,"pid":45789,"hostname":"DESKTOP-O37TKCR","reqId":"req-i","res":{"statusCode":200},"responseTime":50.85829799994826,"msg":"request completed"}
{"level":30,"time":1769819020070,"pid":45789,"hostname":"DESKTOP-O37TKCR","reqId":"req-j","req":{"method":"GET","url":"/static/72ZNhd1Mz64aVcmOCWqr.jpg","host":"localhost:4000","remoteAddress":"127.0.0.1","remotePort":45628},"msg":"incoming request"}
{"level":30,"time":1769819020098,"pid":45789,"hostname":"DESKTOP-O37TKCR","reqId":"req-j","res":{"statusCode":200},"responseTime":26.245009999722242,"msg":"request completed"}
{"level":30,"time":1769819020948,"pid":45789,"hostname":"DESKTOP-O37TKCR","reqId":"req-k","req":{"method":"OPTIONS","url":"/car/r12dafQuV1opAOD7fLWp","host":"localhost:4000","remoteAddress":"127.0.0.1","remotePort":56448},"msg":"incoming request"}
{"level":30,"time":1769819020948,"pid":45789,"hostname":"DESKTOP-O37TKCR","reqId":"req-k","res":{"statusCode":204},"responseTime":0.48449799977242947,"msg":"request completed"}
{"level":30,"time":1769819020951,"pid":45789,"hostname":"DESKTOP-O37TKCR","reqId":"req-l","req":{"method":"GET","url":"/car/r12dafQuV1opAOD7fLWp","host":"localhost:4000","remoteAddress":"127.0.0.1","remotePort":45628},"msg":"incoming request"}
{"level":30,"time":1769819020971,"pid":45789,"hostname":"DESKTOP-O37TKCR","reqId":"req-l","res":{"statusCode":200},"responseTime":19.60185999982059,"msg":"request completed"}
{"level":30,"time":1769819020984,"pid":45789,"hostname":"DESKTOP-O37TKCR","reqId":"req-m","req":{"method":"GET","url":"/static/72ZNhd1Mz64aVcmOCWqr.jpg","host":"localhost:4000","remoteAddress":"127.0.0.1","remotePort":45628},"msg":"incoming request"}
{"level":30,"time":1769819020988,"pid":45789,"hostname":"DESKTOP-O37TKCR","reqId":"req-m","res":{"statusCode":200},"responseTime":3.8746939999982715,"msg":"request completed"}
{"level":30,"time":1769819021963,"pid":45789,"hostname":"DESKTOP-O37TKCR","reqId":"req-n","req":{"method":"OPTIONS","url":"/car/search?owner_id=Pm1ck6ojXiFujSHWQfTc","host":"localhost:4000","remoteAddress":"127.0.0.1","remotePort":56448},"msg":"incoming request"}
{"level":30,"time":1769819021964,"pid":45789,"hostname":"DESKTOP-O37TKCR","reqId":"req-n","res":{"statusCode":204},"responseTime":0.48093899991363287,"msg":"request completed"}
{"level":30,"time":1769819021964,"pid":45789,"hostname":"DESKTOP-O37TKCR","reqId":"req-o","req":{"method":"OPTIONS","url":"/car/search?owner_id=Pm1ck6ojXiFujSHWQfTc","host":"localhost:4000","remoteAddress":"127.0.0.1","remotePort":51382},"msg":"incoming request"}
{"level":30,"time":1769819021965,"pid":45789,"hostname":"DESKTOP-O37TKCR","reqId":"req-o","res":{"statusCode":204},"responseTime":0.3247330002486706,"msg":"request completed"}
{"level":30,"time":1769819021969,"pid":45789,"hostname":"DESKTOP-O37TKCR","reqId":"req-p","req":{"method":"GET","url":"/car/search?owner_id=Pm1ck6ojXiFujSHWQfTc","host":"localhost:4000","remoteAddress":"127.0.0.1","remotePort":45628},"msg":"incoming request"}
{"level":30,"time":1769819021976,"pid":45789,"hostname":"DESKTOP-O37TKCR","reqId":"req-q","req":{"method":"GET","url":"/car/search?owner_id=Pm1ck6ojXiFujSHWQfTc","host":"localhost:4000","remoteAddress":"127.0.0.1","remotePort":51384},"msg":"incoming request"}
{"level":30,"time":1769819022021,"pid":45789,"hostname":"DESKTOP-O37TKCR","reqId":"req-p","res":{"statusCode":200},"responseTime":51.96147399954498,"msg":"request completed"}
{"level":30,"time":1769819022026,"pid":45789,"hostname":"DESKTOP-O37TKCR","reqId":"req-q","res":{"statusCode":200},"responseTime":50.06747999973595,"msg":"request completed"}
{"level":30,"time":1769819022030,"pid":45789,"hostname":"DESKTOP-O37TKCR","reqId":"req-r","req":{"method":"GET","url":"/static/72ZNhd1Mz64aVcmOCWqr.jpg","host":"localhost:4000","remoteAddress":"127.0.0.1","remotePort":45628},"msg":"incoming request"}
{"level":30,"time":1769819022034,"pid":45789,"hostname":"DESKTOP-O37TKCR","reqId":"req-r","res":{"statusCode":200},"responseTime":3.669483999721706,"msg":"request completed"}
{"level":30,"time":1769819022540,"pid":45789,"hostname":"DESKTOP-O37TKCR","reqId":"req-s","req":{"method":"OPTIONS","url":"/trip?owner_id=Pm1ck6ojXiFujSHWQfTc","host":"localhost:4000","remoteAddress":"127.0.0.1","remotePort":51382},"msg":"incoming request"}
{"level":30,"time":1769819022541,"pid":45789,"hostname":"DESKTOP-O37TKCR","reqId":"req-s","res":{"statusCode":204},"responseTime":0.6246090000495315,"msg":"request completed"}
{"level":30,"time":1769819022541,"pid":45789,"hostname":"DESKTOP-O37TKCR","reqId":"req-t","req":{"method":"OPTIONS","url":"/trip?owner_id=Pm1ck6ojXiFujSHWQfTc","host":"localhost:4000","remoteAddress":"127.0.0.1","remotePort":56448},"msg":"incoming request"}
{"level":30,"time":1769819022541,"pid":45789,"hostname":"DESKTOP-O37TKCR","reqId":"req-t","res":{"statusCode":204},"responseTime":0.28755499981343746,"msg":"request completed"}
{"level":30,"time":1769819022543,"pid":45789,"hostname":"DESKTOP-O37TKCR","reqId":"req-u","req":{"method":"GET","url":"/trip?owner_id=Pm1ck6ojXiFujSHWQfTc","host":"localhost:4000","remoteAddress":"127.0.0.1","remotePort":45628},"msg":"incoming request"}
{"level":30,"time":1769819022551,"pid":45789,"hostname":"DESKTOP-O37TKCR","reqId":"req-v","req":{"method":"GET","url":"/trip?owner_id=Pm1ck6ojXiFujSHWQfTc","host":"localhost:4000","remoteAddress":"127.0.0.1","remotePort":51384},"msg":"incoming request"}
{"level":30,"time":1769819022571,"pid":45789,"hostname":"DESKTOP-O37TKCR","reqId":"req-u","res":{"statusCode":200},"responseTime":27.52433599997312,"msg":"request completed"}
{"level":30,"time":1769819022574,"pid":45789,"hostname":"DESKTOP-O37TKCR","reqId":"req-v","res":{"statusCode":200},"responseTime":23.4565239995718,"msg":"request completed"}
{"level":30,"time":1769819023197,"pid":45789,"hostname":"DESKTOP-O37TKCR","reqId":"req-w","req":{"method":"OPTIONS","url":"/trip?owner_id=Pm1ck6ojXiFujSHWQfTc","host":"localhost:4000","remoteAddress":"127.0.0.1","remotePort":56448},"msg":"incoming request"}
{"level":30,"time":1769819023198,"pid":45789,"hostname":"DESKTOP-O37TKCR","reqId":"req-w","res":{"statusCode":204},"responseTime":0.5089410003274679,"msg":"request completed"}
{"level":30,"time":1769819023200,"pid":45789,"hostname":"DESKTOP-O37TKCR","reqId":"req-x","req":{"method":"GET","url":"/trip?owner_id=Pm1ck6ojXiFujSHWQfTc","host":"localhost:4000","remoteAddress":"127.0.0.1","remotePort":51384},"msg":"incoming request"}
{"level":30,"time":1769819023206,"pid":45789,"hostname":"DESKTOP-O37TKCR","reqId":"req-y","req":{"method":"OPTIONS","url":"/trip?owner_id=Pm1ck6ojXiFujSHWQfTc","host":"localhost:4000","remoteAddress":"127.0.0.1","remotePort":56448},"msg":"incoming request"}
Keep alive status: true
{"level":30,"time":1769819023207,"pid":45789,"hostname":"DESKTOP-O37TKCR","reqId":"req-y","res":{"statusCode":204},"responseTime":0.27067899983376265,"msg":"request completed"}
{"level":30,"time":1769819023208,"pid":45789,"hostname":"DESKTOP-O37TKCR","reqId":"req-z","req":{"method":"GET","url":"/gps/sse?l=undefined","host":"localhost:4000","remoteAddress":"127.0.0.1","remotePort":45628},"msg":"incoming request"}
{"level":30,"time":1769819023213,"pid":45789,"hostname":"DESKTOP-O37TKCR","reqId":"req-10","req":{"method":"GET","url":"/trip?owner_id=Pm1ck6ojXiFujSHWQfTc","host":"localhost:4000","remoteAddress":"127.0.0.1","remotePort":51394},"msg":"incoming request"}
{"level":30,"time":1769819023235,"pid":45789,"hostname":"DESKTOP-O37TKCR","reqId":"req-x","res":{"statusCode":200},"responseTime":34.57171400077641,"msg":"request completed"}
{"level":30,"time":1769819023240,"pid":45789,"hostname":"DESKTOP-O37TKCR","reqId":"req-10","res":{"statusCode":200},"responseTime":26.451053999364376,"msg":"request completed"}
Connection closed
{"level":30,"time":1769819023341,"pid":45789,"hostname":"DESKTOP-O37TKCR","reqId":"req-11","req":{"method":"GET","url":"/gps/sse?l=60a12345","host":"localhost:4000","remoteAddress":"127.0.0.1","remotePort":51394},"msg":"incoming request"}
Keep alive status: true
Sending...
Sending...
Sending...
Sending...
Sending...
Sending...
Sending...
Sending...
Sending...
Sending...
Sending...
Sending...
Sending...
Sending...
Sending...
Sending...
Sending...
Sending...
Sending...
Sending...
Sending...
Sending...
Sending...
Sending...
Sending...
Sending...
Sending...
Sending...
Sending...
Sending...
Sending...
Sending...
Sending...
Sending...
Sending...
Sending...
Sending...
Sending...
Sending...
Sending...
Sending...
Sending...
Sending...
Sending...
Sending...
Sending...
Sending...
Sending...
Sending...
Sending...
Sending...
Sending...
Sending...
Sending...
Sending...
Sending...
Sending...
Sending...
Sending...
Sending...
Sending...
Sending...
Sending...
Sending...
Sending...
Sending...
Sending...
Sending...
Sending...
Sending...
Sending...
Sending...
Sending...
Sending...
Sending...
Sending...
Sending...
Sending...
Sending...
Sending...
Sending...
Sending...
Sending...
Sending...
Sending...
Sending...
Sending...
Sending...
Sending...
Connection closed
{"level":30,"time":1769819204589,"pid":45789,"hostname":"DESKTOP-O37TKCR","reqId":"req-12","req":{"method":"OPTIONS","url":"/trip?owner_id=Pm1ck6ojXiFujSHWQfTc","host":"localhost:4000","remoteAddress":"127.0.0.1","remotePort":47474},"msg":"incoming request"}
{"level":30,"time":1769819204590,"pid":45789,"hostname":"DESKTOP-O37TKCR","reqId":"req-12","res":{"statusCode":204},"responseTime":0.6663039997220039,"msg":"request completed"}
Keep alive status: true
{"level":30,"time":1769819204621,"pid":45789,"hostname":"DESKTOP-O37TKCR","reqId":"req-13","req":{"method":"GET","url":"/gps/sse?l=60a12345","host":"localhost:4000","remoteAddress":"127.0.0.1","remotePort":47488},"msg":"incoming request"}
{"level":30,"time":1769819204864,"pid":45789,"hostname":"DESKTOP-O37TKCR","reqId":"req-14","req":{"method":"GET","url":"/trip?owner_id=Pm1ck6ojXiFujSHWQfTc","host":"localhost:4000","remoteAddress":"127.0.0.1","remotePort":47518},"msg":"incoming request"}
{"level":30,"time":1769819204921,"pid":45789,"hostname":"DESKTOP-O37TKCR","reqId":"req-14","res":{"statusCode":200},"responseTime":56.833072000183165,"msg":"request completed"}
Sending...
Sending...
Sending...
Sending...
Sending...
Sending...
{"level":30,"time":1769819217274,"pid":45789,"hostname":"DESKTOP-O37TKCR","reqId":"req-15","req":{"method":"OPTIONS","url":"/trip?owner_id=Pm1ck6ojXiFujSHWQfTc","host":"localhost:4000","remoteAddress":"127.0.0.1","remotePort":47474},"msg":"incoming request"}
{"level":30,"time":1769819217275,"pid":45789,"hostname":"DESKTOP-O37TKCR","reqId":"req-15","res":{"statusCode":204},"responseTime":0.5514679998159409,"msg":"request completed"}
{"level":30,"time":1769819217278,"pid":45789,"hostname":"DESKTOP-O37TKCR","reqId":"req-16","req":{"method":"GET","url":"/trip?owner_id=Pm1ck6ojXiFujSHWQfTc","host":"localhost:4000","remoteAddress":"127.0.0.1","remotePort":47518},"msg":"incoming request"}
{"level":30,"time":1769819217295,"pid":45789,"hostname":"DESKTOP-O37TKCR","reqId":"req-17","req":{"method":"GET","url":"/gps/sse?l=60a12345","host":"localhost:4000","remoteAddress":"127.0.0.1","remotePort":47530},"msg":"incoming request"}
Keep alive status: true
Connection closed
{"level":30,"time":1769819217355,"pid":45789,"hostname":"DESKTOP-O37TKCR","reqId":"req-16","res":{"statusCode":200},"responseTime":77.38557900022715,"msg":"request completed"}
{"level":30,"time":1769819219277,"pid":45789,"hostname":"DESKTOP-O37TKCR","reqId":"req-18","req":{"method":"OPTIONS","url":"/trip?owner_id=Pm1ck6ojXiFujSHWQfTc","host":"localhost:4000","remoteAddress":"127.0.0.1","remotePort":47474},"msg":"incoming request"}
{"level":30,"time":1769819219278,"pid":45789,"hostname":"DESKTOP-O37TKCR","reqId":"req-18","res":{"statusCode":204},"responseTime":0.4767200006172061,"msg":"request completed"}
{"level":30,"time":1769819219281,"pid":45789,"hostname":"DESKTOP-O37TKCR","reqId":"req-19","req":{"method":"GET","url":"/trip?owner_id=Pm1ck6ojXiFujSHWQfTc","host":"localhost:4000","remoteAddress":"127.0.0.1","remotePort":47518},"msg":"incoming request"}
Connection closed
{"level":30,"time":1769819219316,"pid":45789,"hostname":"DESKTOP-O37TKCR","reqId":"req-19","res":{"statusCode":200},"responseTime":34.84427499957383,"msg":"request completed"}
{"level":30,"time":1769819219319,"pid":45789,"hostname":"DESKTOP-O37TKCR","reqId":"req-1a","req":{"method":"GET","url":"/gps/sse?l=60a12345","host":"localhost:4000","remoteAddress":"127.0.0.1","remotePort":47518},"msg":"incoming request"}
Keep alive status: true
Sending...
Sending...
{"level":30,"time":1769819224356,"pid":45789,"hostname":"DESKTOP-O37TKCR","reqId":"req-1b","req":{"method":"OPTIONS","url":"/trip?owner_id=Pm1ck6ojXiFujSHWQfTc","host":"localhost:4000","remoteAddress":"127.0.0.1","remotePort":47474},"msg":"incoming request"}
Connection closed
{"level":30,"time":1769819224356,"pid":45789,"hostname":"DESKTOP-O37TKCR","reqId":"req-1b","res":{"statusCode":204},"responseTime":0.49591199960559607,"msg":"request completed"}
{"level":30,"time":1769819224359,"pid":45789,"hostname":"DESKTOP-O37TKCR","reqId":"req-1c","req":{"method":"GET","url":"/trip?owner_id=Pm1ck6ojXiFujSHWQfTc","host":"localhost:4000","remoteAddress":"127.0.0.1","remotePort":39020},"msg":"incoming request"}
{"level":30,"time":1769819224418,"pid":45789,"hostname":"DESKTOP-O37TKCR","reqId":"req-1c","res":{"statusCode":200},"responseTime":59.58141600061208,"msg":"request completed"}
Keep alive status: true
{"level":30,"time":1769819224421,"pid":45789,"hostname":"DESKTOP-O37TKCR","reqId":"req-1d","req":{"method":"GET","url":"/gps/sse?l=60a12345","host":"localhost:4000","remoteAddress":"127.0.0.1","remotePort":39020},"msg":"incoming request"}
Sending...
Sending...
Sending...
{"level":30,"time":1769819231260,"pid":45789,"hostname":"DESKTOP-O37TKCR","reqId":"req-1e","req":{"method":"OPTIONS","url":"/trip?owner_id=Pm1ck6ojXiFujSHWQfTc","host":"localhost:4000","remoteAddress":"127.0.0.1","remotePort":47474},"msg":"incoming request"}
{"level":30,"time":1769819231260,"pid":45789,"hostname":"DESKTOP-O37TKCR","reqId":"req-1e","res":{"statusCode":204},"responseTime":0.5924370000138879,"msg":"request completed"}
{"level":30,"time":1769819231263,"pid":45789,"hostname":"DESKTOP-O37TKCR","reqId":"req-1f","req":{"method":"GET","url":"/trip?owner_id=Pm1ck6ojXiFujSHWQfTc","host":"localhost:4000","remoteAddress":"127.0.0.1","remotePort":39022},"msg":"incoming request"}
Connection closed
{"level":30,"time":1769819231289,"pid":45789,"hostname":"DESKTOP-O37TKCR","reqId":"req-1f","res":{"statusCode":200},"responseTime":25.834047999233007,"msg":"request completed"}
Keep alive status: true
{"level":30,"time":1769819231293,"pid":45789,"hostname":"DESKTOP-O37TKCR","reqId":"req-1g","req":{"method":"GET","url":"/gps/sse?l=60a12345","host":"localhost:4000","remoteAddress":"127.0.0.1","remotePort":39022},"msg":"incoming request"}
{"level":30,"time":1769819233267,"pid":45789,"hostname":"DESKTOP-O37TKCR","reqId":"req-1h","req":{"method":"OPTIONS","url":"/trip?owner_id=Pm1ck6ojXiFujSHWQfTc","host":"localhost:4000","remoteAddress":"127.0.0.1","remotePort":47474},"msg":"incoming request"}
{"level":30,"time":1769819233268,"pid":45789,"hostname":"DESKTOP-O37TKCR","reqId":"req-1h","res":{"statusCode":204},"responseTime":0.48571899998933077,"msg":"request completed"}
{"level":30,"time":1769819233271,"pid":45789,"hostname":"DESKTOP-O37TKCR","reqId":"req-1i","req":{"method":"GET","url":"/trip?owner_id=Pm1ck6ojXiFujSHWQfTc","host":"localhost:4000","remoteAddress":"127.0.0.1","remotePort":56588},"msg":"incoming request"}
Connection closed
{"level":30,"time":1769819233300,"pid":45789,"hostname":"DESKTOP-O37TKCR","reqId":"req-1i","res":{"statusCode":200},"responseTime":28.19235000014305,"msg":"request completed"}
{"level":30,"time":1769819233303,"pid":45789,"hostname":"DESKTOP-O37TKCR","reqId":"req-1j","req":{"method":"GET","url":"/gps/sse?l=60a12345","host":"localhost:4000","remoteAddress":"127.0.0.1","remotePort":56588},"msg":"incoming request"}
Keep alive status: true
Sending...
Sending...
Sending...
Sending...
Sending...
Sending...
Sending...
Sending...
Sending...
Sending...
Sending...
Sending...
Sending...
Sending...
Sending...
{"level":30,"time":1769819265297,"pid":45789,"hostname":"DESKTOP-O37TKCR","reqId":"req-1k","req":{"method":"OPTIONS","url":"/trip?owner_id=Pm1ck6ojXiFujSHWQfTc","host":"localhost:4000","remoteAddress":"127.0.0.1","remotePort":47474},"msg":"incoming request"}
{"level":30,"time":1769819265298,"pid":45789,"hostname":"DESKTOP-O37TKCR","reqId":"req-1k","res":{"statusCode":204},"responseTime":0.8264760002493858,"msg":"request completed"}
{"level":30,"time":1769819265300,"pid":45789,"hostname":"DESKTOP-O37TKCR","reqId":"req-1l","req":{"method":"GET","url":"/trip?owner_id=Pm1ck6ojXiFujSHWQfTc","host":"localhost:4000","remoteAddress":"127.0.0.1","remotePort":56592},"msg":"incoming request"}
Connection closed
{"level":30,"time":1769819265366,"pid":45789,"hostname":"DESKTOP-O37TKCR","reqId":"req-1l","res":{"statusCode":200},"responseTime":65.63285099994391,"msg":"request completed"}
{"level":30,"time":1769819265368,"pid":45789,"hostname":"DESKTOP-O37TKCR","reqId":"req-1m","req":{"method":"GET","url":"/gps/sse?l=60a12345","host":"localhost:4000","remoteAddress":"127.0.0.1","remotePort":56592},"msg":"incoming request"}
Keep alive status: true
{"level":30,"time":1769819267303,"pid":45789,"hostname":"DESKTOP-O37TKCR","reqId":"req-1n","req":{"method":"OPTIONS","url":"/trip?owner_id=Pm1ck6ojXiFujSHWQfTc","host":"localhost:4000","remoteAddress":"127.0.0.1","remotePort":47474},"msg":"incoming request"}
{"level":30,"time":1769819267304,"pid":45789,"hostname":"DESKTOP-O37TKCR","reqId":"req-1n","res":{"statusCode":204},"responseTime":0.4404739998281002,"msg":"request completed"}
{"level":30,"time":1769819267307,"pid":45789,"hostname":"DESKTOP-O37TKCR","reqId":"req-1o","req":{"method":"GET","url":"/trip?owner_id=Pm1ck6ojXiFujSHWQfTc","host":"localhost:4000","remoteAddress":"127.0.0.1","remotePort":59220},"msg":"incoming request"}
Connection closed
{"level":30,"time":1769819267334,"pid":45789,"hostname":"DESKTOP-O37TKCR","reqId":"req-1o","res":{"statusCode":200},"responseTime":25.566549999639392,"msg":"request completed"}
Keep alive status: true
{"level":30,"time":1769819267336,"pid":45789,"hostname":"DESKTOP-O37TKCR","reqId":"req-1p","req":{"method":"GET","url":"/gps/sse?l=60a12345","host":"localhost:4000","remoteAddress":"127.0.0.1","remotePort":59220},"msg":"incoming request"}
Sending...
{"level":30,"time":1769819271293,"pid":45789,"hostname":"DESKTOP-O37TKCR","reqId":"req-1q","req":{"method":"OPTIONS","url":"/trip?owner_id=Pm1ck6ojXiFujSHWQfTc","host":"localhost:4000","remoteAddress":"127.0.0.1","remotePort":47474},"msg":"incoming request"}
{"level":30,"time":1769819271294,"pid":45789,"hostname":"DESKTOP-O37TKCR","reqId":"req-1q","res":{"statusCode":204},"responseTime":0.5015399996191263,"msg":"request completed"}
{"level":30,"time":1769819271297,"pid":45789,"hostname":"DESKTOP-O37TKCR","reqId":"req-1r","req":{"method":"GET","url":"/trip?owner_id=Pm1ck6ojXiFujSHWQfTc","host":"localhost:4000","remoteAddress":"127.0.0.1","remotePort":33772},"msg":"incoming request"}
Connection closed
{"level":30,"time":1769819271329,"pid":45789,"hostname":"DESKTOP-O37TKCR","reqId":"req-1r","res":{"statusCode":200},"responseTime":31.85925699956715,"msg":"request completed"}
{"level":30,"time":1769819271332,"pid":45789,"hostname":"DESKTOP-O37TKCR","reqId":"req-1s","req":{"method":"GET","url":"/gps/sse?l=60a12345","host":"localhost:4000","remoteAddress":"127.0.0.1","remotePort":33772},"msg":"incoming request"}
Keep alive status: true
Sending...
{"level":30,"time":1769819275328,"pid":45789,"hostname":"DESKTOP-O37TKCR","reqId":"req-1t","req":{"method":"OPTIONS","url":"/trip?owner_id=Pm1ck6ojXiFujSHWQfTc","host":"localhost:4000","remoteAddress":"127.0.0.1","remotePort":47474},"msg":"incoming request"}
{"level":30,"time":1769819275328,"pid":45789,"hostname":"DESKTOP-O37TKCR","reqId":"req-1t","res":{"statusCode":204},"responseTime":0.44783699978142977,"msg":"request completed"}
{"level":30,"time":1769819275331,"pid":45789,"hostname":"DESKTOP-O37TKCR","reqId":"req-1u","req":{"method":"GET","url":"/trip?owner_id=Pm1ck6ojXiFujSHWQfTc","host":"localhost:4000","remoteAddress":"127.0.0.1","remotePort":33780},"msg":"incoming request"}
Sending...
Connection closed
{"level":30,"time":1769819275369,"pid":45789,"hostname":"DESKTOP-O37TKCR","reqId":"req-1u","res":{"statusCode":200},"responseTime":38.134076999500394,"msg":"request completed"}
{"level":30,"time":1769819275372,"pid":45789,"hostname":"DESKTOP-O37TKCR","reqId":"req-1v","req":{"method":"GET","url":"/gps/sse?l=60a12345","host":"localhost:4000","remoteAddress":"127.0.0.1","remotePort":33780},"msg":"incoming request"}
Keep alive status: true
{"level":30,"time":1769819276318,"pid":45789,"hostname":"DESKTOP-O37TKCR","reqId":"req-1w","req":{"method":"OPTIONS","url":"/trip?owner_id=Pm1ck6ojXiFujSHWQfTc","host":"localhost:4000","remoteAddress":"127.0.0.1","remotePort":47474},"msg":"incoming request"}
{"level":30,"time":1769819276319,"pid":45789,"hostname":"DESKTOP-O37TKCR","reqId":"req-1w","res":{"statusCode":204},"responseTime":0.4301680000498891,"msg":"request completed"}
{"level":30,"time":1769819276322,"pid":45789,"hostname":"DESKTOP-O37TKCR","reqId":"req-1x","req":{"method":"GET","url":"/trip?owner_id=Pm1ck6ojXiFujSHWQfTc","host":"localhost:4000","remoteAddress":"127.0.0.1","remotePort":33788},"msg":"incoming request"}
Connection closed
{"level":30,"time":1769819276346,"pid":45789,"hostname":"DESKTOP-O37TKCR","reqId":"req-1x","res":{"statusCode":200},"responseTime":23.2383819995448,"msg":"request completed"}
{"level":30,"time":1769819276348,"pid":45789,"hostname":"DESKTOP-O37TKCR","reqId":"req-1y","req":{"method":"GET","url":"/gps/sse?l=60a12345","host":"localhost:4000","remoteAddress":"127.0.0.1","remotePort":33788},"msg":"incoming request"}
Keep alive status: true
Sending...
{"level":30,"time":1769819279302,"pid":45789,"hostname":"DESKTOP-O37TKCR","reqId":"req-1z","req":{"method":"OPTIONS","url":"/trip?owner_id=Pm1ck6ojXiFujSHWQfTc","host":"localhost:4000","remoteAddress":"127.0.0.1","remotePort":47474},"msg":"incoming request"}
{"level":30,"time":1769819279303,"pid":45789,"hostname":"DESKTOP-O37TKCR","reqId":"req-1z","res":{"statusCode":204},"responseTime":0.5088470000773668,"msg":"request completed"}
{"level":30,"time":1769819279312,"pid":45789,"hostname":"DESKTOP-O37TKCR","reqId":"req-20","req":{"method":"GET","url":"/trip?owner_id=Pm1ck6ojXiFujSHWQfTc","host":"localhost:4000","remoteAddress":"127.0.0.1","remotePort":33790},"msg":"incoming request"}
Connection closed
{"level":30,"time":1769819279382,"pid":45789,"hostname":"DESKTOP-O37TKCR","reqId":"req-20","res":{"statusCode":200},"responseTime":69.34602299984545,"msg":"request completed"}
{"level":30,"time":1769819279391,"pid":45789,"hostname":"DESKTOP-O37TKCR","reqId":"req-21","req":{"method":"GET","url":"/gps/sse?l=60a12345","host":"localhost:4000","remoteAddress":"127.0.0.1","remotePort":33790},"msg":"incoming request"}
Keep alive status: true
Sending...
Sending...
{"level":30,"time":1769819285340,"pid":45789,"hostname":"DESKTOP-O37TKCR","reqId":"req-22","req":{"method":"OPTIONS","url":"/trip?owner_id=Pm1ck6ojXiFujSHWQfTc","host":"localhost:4000","remoteAddress":"127.0.0.1","remotePort":47474},"msg":"incoming request"}
{"level":30,"time":1769819285341,"pid":45789,"hostname":"DESKTOP-O37TKCR","reqId":"req-22","res":{"statusCode":204},"responseTime":0.46422900073230267,"msg":"request completed"}
{"level":30,"time":1769819285346,"pid":45789,"hostname":"DESKTOP-O37TKCR","reqId":"req-23","req":{"method":"GET","url":"/trip?owner_id=Pm1ck6ojXiFujSHWQfTc","host":"localhost:4000","remoteAddress":"127.0.0.1","remotePort":33528},"msg":"incoming request"}
Connection closed
{"level":30,"time":1769819285382,"pid":45789,"hostname":"DESKTOP-O37TKCR","reqId":"req-23","res":{"statusCode":200},"responseTime":35.20748999994248,"msg":"request completed"}
{"level":30,"time":1769819285385,"pid":45789,"hostname":"DESKTOP-O37TKCR","reqId":"req-24","req":{"method":"GET","url":"/gps/sse?l=60a12345","host":"localhost:4000","remoteAddress":"127.0.0.1","remotePort":33528},"msg":"incoming request"}
Keep alive status: true
Sending...
Sending...
{"level":30,"time":1769819291349,"pid":45789,"hostname":"DESKTOP-O37TKCR","reqId":"req-25","req":{"method":"OPTIONS","url":"/trip?owner_id=Pm1ck6ojXiFujSHWQfTc","host":"localhost:4000","remoteAddress":"127.0.0.1","remotePort":47474},"msg":"incoming request"}
{"level":30,"time":1769819291350,"pid":45789,"hostname":"DESKTOP-O37TKCR","reqId":"req-25","res":{"statusCode":204},"responseTime":0.5516729997470975,"msg":"request completed"}
{"level":30,"time":1769819291354,"pid":45789,"hostname":"DESKTOP-O37TKCR","reqId":"req-26","req":{"method":"GET","url":"/trip?owner_id=Pm1ck6ojXiFujSHWQfTc","host":"localhost:4000","remoteAddress":"127.0.0.1","remotePort":33536},"msg":"incoming request"}
Connection closed
{"level":30,"time":1769819291374,"pid":45789,"hostname":"DESKTOP-O37TKCR","reqId":"req-26","res":{"statusCode":200},"responseTime":20.687141999602318,"msg":"request completed"}
{"level":30,"time":1769819291376,"pid":45789,"hostname":"DESKTOP-O37TKCR","reqId":"req-27","req":{"method":"GET","url":"/gps/sse?l=60a12345","host":"localhost:4000","remoteAddress":"127.0.0.1","remotePort":33536},"msg":"incoming request"}
Keep alive status: true
{"level":30,"time":1769819292336,"pid":45789,"hostname":"DESKTOP-O37TKCR","reqId":"req-28","req":{"method":"OPTIONS","url":"/trip?owner_id=Pm1ck6ojXiFujSHWQfTc","host":"localhost:4000","remoteAddress":"127.0.0.1","remotePort":47474},"msg":"incoming request"}
{"level":30,"time":1769819292337,"pid":45789,"hostname":"DESKTOP-O37TKCR","reqId":"req-28","res":{"statusCode":204},"responseTime":0.4925440000370145,"msg":"request completed"}
{"level":30,"time":1769819292340,"pid":45789,"hostname":"DESKTOP-O37TKCR","reqId":"req-29","req":{"method":"GET","url":"/trip?owner_id=Pm1ck6ojXiFujSHWQfTc","host":"localhost:4000","remoteAddress":"127.0.0.1","remotePort":34026},"msg":"incoming request"}
Connection closed
{"level":30,"time":1769819292365,"pid":45789,"hostname":"DESKTOP-O37TKCR","reqId":"req-29","res":{"statusCode":200},"responseTime":25.535671999678016,"msg":"request completed"}
{"level":30,"time":1769819292368,"pid":45789,"hostname":"DESKTOP-O37TKCR","reqId":"req-2a","req":{"method":"GET","url":"/gps/sse?l=60a12345","host":"localhost:4000","remoteAddress":"127.0.0.1","remotePort":34026},"msg":"incoming request"}
Keep alive status: true
Sending...
{"level":30,"time":1769819296341,"pid":45789,"hostname":"DESKTOP-O37TKCR","reqId":"req-2b","req":{"method":"OPTIONS","url":"/trip?owner_id=Pm1ck6ojXiFujSHWQfTc","host":"localhost:4000","remoteAddress":"127.0.0.1","remotePort":47474},"msg":"incoming request"}
{"level":30,"time":1769819296342,"pid":45789,"hostname":"DESKTOP-O37TKCR","reqId":"req-2b","res":{"statusCode":204},"responseTime":0.419174000620842,"msg":"request completed"}
{"level":30,"time":1769819296346,"pid":45789,"hostname":"DESKTOP-O37TKCR","reqId":"req-2c","req":{"method":"GET","url":"/trip?owner_id=Pm1ck6ojXiFujSHWQfTc","host":"localhost:4000","remoteAddress":"127.0.0.1","remotePort":34032},"msg":"incoming request"}
Connection closed
{"level":30,"time":1769819296368,"pid":45789,"hostname":"DESKTOP-O37TKCR","reqId":"req-2c","res":{"statusCode":200},"responseTime":21.051461999304593,"msg":"request completed"}
{"level":30,"time":1769819296372,"pid":45789,"hostname":"DESKTOP-O37TKCR","reqId":"req-2d","req":{"method":"GET","url":"/gps/sse?l=60a12345","host":"localhost:4000","remoteAddress":"127.0.0.1","remotePort":34032},"msg":"incoming request"}
Keep alive status: true
Sending...
Sending...
Sending...
Sending...
Sending...
Sending...
Sending...
Sending...
Sending...
Sending...
Sending...
Sending...
Sending...
Sending...
Sending...
Sending...
Sending...
Sending...
Sending...
Sending...
Sending...
Sending...
Sending...
Sending...
Sending...
Sending...
Sending...
Sending...
Sending...
Sending...
Sending...
Sending...
Sending...
Sending...
Sending...
Sending...
Sending...
Sending...
Sending...
Sending...
Sending...
Sending...
Sending...
Sending...
Sending...
Sending...
Sending...
Sending...
Sending...
Sending...
Sending...
Sending...
Sending...
Sending...
Sending...
Sending...
Sending...
Sending...
Sending...
Sending...
Sending...
Sending...
Sending...
Sending...
Sending...
Sending...
Sending...
Sending...
Sending...
Sending...
Sending...
Sending...
Sending...
Sending...
Sending...
Sending...
Sending...
Sending...
Sending...
Sending...
Sending...
Sending...
Sending...
Sending...
Sending...
Sending...
Sending...
Sending...
Sending...
Sending...
Sending...
Sending...
Sending...
Sending...
Sending...
Sending...
Sending...
Sending...
Sending...
Sending...
Sending...
Sending...
Sending...
Sending...
Sending...
Sending...
Sending...
Sending...
Sending...
Sending...
Sending...
Sending...
Sending...
Sending...
Sending...
Sending...
Sending...
Sending...
Sending...
Sending...
Sending...
Sending...
Sending...
Sending...
Sending...
Sending...
Sending...
Sending...
Sending...
Connection closed
{"level":30,"time":1769819557824,"pid":45789,"hostname":"DESKTOP-O37TKCR","reqId":"req-2e","req":{"method":"GET","url":"/gps/sse?l=undefined","host":"localhost:4000","remoteAddress":"127.0.0.1","remotePort":59312},"msg":"incoming request"}
Keep alive status: true
{"level":30,"time":1769819557845,"pid":45789,"hostname":"DESKTOP-O37TKCR","reqId":"req-2f","req":{"method":"OPTIONS","url":"/trip?owner_id=Pm1ck6ojXiFujSHWQfTc","host":"localhost:4000","remoteAddress":"127.0.0.1","remotePort":59322},"msg":"incoming request"}
{"level":30,"time":1769819557846,"pid":45789,"hostname":"DESKTOP-O37TKCR","reqId":"req-2f","res":{"statusCode":204},"responseTime":0.8126119999215007,"msg":"request completed"}
{"level":30,"time":1769819557976,"pid":45789,"hostname":"DESKTOP-O37TKCR","reqId":"req-2g","req":{"method":"GET","url":"/trip?owner_id=Pm1ck6ojXiFujSHWQfTc","host":"localhost:4000","remoteAddress":"127.0.0.1","remotePort":59334},"msg":"incoming request"}
{"level":30,"time":1769819558198,"pid":45789,"hostname":"DESKTOP-O37TKCR","reqId":"req-2g","res":{"statusCode":200},"responseTime":221.94087299983948,"msg":"request completed"}
Connection closed
{"level":30,"time":1769819558805,"pid":45789,"hostname":"DESKTOP-O37TKCR","reqId":"req-2h","req":{"method":"GET","url":"/gps/sse?l=60a12345","host":"localhost:4000","remoteAddress":"127.0.0.1","remotePort":59334},"msg":"incoming request"}
Keep alive status: true
Sending...
Sending...
Sending...
Sending...
Sending...
Sending...
Sending...
{"level":30,"time":1769819574365,"pid":45789,"hostname":"DESKTOP-O37TKCR","reqId":"req-2i","req":{"method":"GET","url":"/car/search?license_number=60A12345","host":"localhost:4000","remoteAddress":"127.0.0.1","remotePort":59322},"msg":"incoming request"}
{"level":30,"time":1769819574401,"pid":45789,"hostname":"DESKTOP-O37TKCR","reqId":"req-2i","res":{"statusCode":200},"responseTime":36.00411100033671,"msg":"request completed"}
Sending...
Sending...
Sending...
Sending...
Sending...
Sending...
Sending...
Sending...
Sending...
Sending...
Sending...
Sending...
Sending...
Sending...
Sending...
Sending...
Sending...
Sending...
Sending...
Sending...
Sending...
Sending...
Sending...
Sending...
Sending...
Sending...
Sending...
Sending...
Sending...
Sending...
Sending...
Sending...
Sending...
Sending...
Sending...
Sending...
Sending...
Sending...
Sending...
Sending...
Sending...
Sending...
Sending...
Sending...
Sending...
Sending...
Sending...
Sending...
Sending...
Sending...
Sending...
Sending...
Sending...
Sending...
Sending...
Sending...
Sending...
Sending...
Sending...
Sending...
Sending...
Sending...
Sending...
Sending...
Sending...
Sending...
Sending...
Sending...
Sending...
Sending...
Sending...
Sending...
Sending...
Sending...
Sending...
Sending...
Sending...
Sending...
Sending...
Sending...
Sending...
Sending...
Sending...
Sending...
Sending...
Sending...
Sending...
Sending...
Sending...
Sending...
Sending...
Sending...
Sending...
Sending...
Sending...
Sending...
Sending...
Sending...
Sending...
Sending...
Sending...
Sending...
Sending...
Sending...
Sending...
Sending...
Sending...
Sending...
Sending...
Sending...
Sending...
Sending...
Sending...
Sending...
Sending...
Sending...
Sending...
Sending...
Sending...
Sending...
Sending...
Sending...
Sending...
Sending...
Sending...
Sending...
Sending...
Sending...
Sending...
Sending...
Sending...
Sending...
Sending...
Sending...
Sending...
Sending...
Sending...
Sending...
Sending...
Sending...
Sending...
Sending...
Sending...
Sending...
Sending...
Sending...
Sending...
Sending...
Sending...
Sending...
Sending...
Sending...
Sending...
Sending...
Sending...
Sending...
Sending...
Sending...
Sending...
Sending...
Sending...
Sending...
Sending...
Sending...
Sending...
Sending...
Sending...
Sending...
Sending...
Sending...
Sending...
Sending...
Sending...
Sending...
Sending...
Sending...
Sending...
Sending...
Sending...
Sending...
Sending...
Sending...
Sending...
Sending...
Sending...
Sending...
Sending...
Sending...
Sending...
Sending...
Sending...
Sending...
Sending...
Sending...
Sending...
Sending...
Sending...
Sending...
Sending...
Sending...
Sending...
Sending...
Sending...
Sending...
Sending...
Sending...
Sending...
Sending...
Sending...
Sending...
Sending...
Sending...
Sending...
Sending...
Sending...
Sending...
Sending...
Sending...
Sending...
Sending...
Sending...
Sending...
Sending...
Sending...
Sending...
Sending...
{"level":30,"time":1769820024763,"pid":45789,"hostname":"DESKTOP-O37TKCR","reqId":"req-2j","req":{"method":"GET","url":"/car/search?license_number=60A12345","host":"localhost:4000","remoteAddress":"127.0.0.1","remotePort":46610},"msg":"incoming request"}
{"level":30,"time":1769820024825,"pid":45789,"hostname":"DESKTOP-O37TKCR","reqId":"req-2j","res":{"statusCode":200},"responseTime":61.42587999999523,"msg":"request completed"}
Sending...
Sending...
Sending...
Sending...
Sending...
Sending...
Sending...
Sending...
Sending...
Sending...
Sending...
Sending...
Sending...
Sending...
Sending...
Sending...
Sending...
Sending...
Sending...
Sending...
Sending...
Sending...
Sending...
Sending...
Sending...
Sending...
Sending...
Sending...
Sending...
Sending...
Sending...
Sending...
Sending...
Sending...
Sending...
Sending...
Sending...
Sending...
Sending...
Sending...
Sending...
Sending...
Sending...
Sending...
Sending...
Sending...
Sending...
Sending...
Sending...
Sending...
Sending...
Sending...
Sending...
Sending...
Sending...
Sending...
Sending...
Sending...
Sending...
Sending...
Sending...
Sending...
Sending...
{"level":30,"time":1769820150884,"pid":45789,"hostname":"DESKTOP-O37TKCR","reqId":"req-2k","req":{"method":"GET","url":"/car/search?license_number=60A12345","host":"localhost:4000","remoteAddress":"127.0.0.1","remotePort":36434},"msg":"incoming request"}
{"level":30,"time":1769820150921,"pid":45789,"hostname":"DESKTOP-O37TKCR","reqId":"req-2k","res":{"statusCode":200},"responseTime":36.61570499930531,"msg":"request completed"}
Sending...
Sending...
Sending...
Sending...
Sending...
Sending...
Sending...
Sending...
Sending...
Sending...
Sending...
Sending...
Sending...
Sending...
Sending...
Sending...
Sending...
Sending...
Sending...
Sending...
Sending...
Sending...
Sending...
Sending...
Sending...
Sending...
Sending...
Sending...
Sending...
Sending...
Sending...
Sending...
Sending...
Sending...
Sending...
Sending...
Sending...
Sending...
Sending...
Sending...
Sending...
Sending...
Sending...
Sending...
Sending...
Sending...
Sending...
Sending...
Sending...
Sending...
Sending...
Sending...
Sending...
Sending...
Sending...
Sending...
Sending...
Sending...
Sending...
Sending...
Sending...
Sending...
Sending...
Sending...
Sending...
Sending...
Sending...
Sending...
Sending...
Sending...
Sending...
Sending...
Sending...
Sending...
Sending...
Sending...
Sending...
Sending...
Sending...
Sending...
Sending...
Sending...
Sending...
Sending...
Sending...
Sending...
Sending...
Sending...
Sending...
Sending...
Sending...
Sending...
Sending...
Sending...
Sending...
Sending...
Sending...
Sending...
Sending...
Sending...
Connection closed
{"level":30,"time":1769820351222,"pid":45789,"hostname":"DESKTOP-O37TKCR","reqId":"req-2l","req":{"method":"OPTIONS","url":"/car/search?owner_id=Pm1ck6ojXiFujSHWQfTc","host":"localhost:4000","remoteAddress":"127.0.0.1","remotePort":42284},"msg":"incoming request"}
{"level":30,"time":1769820351222,"pid":45789,"hostname":"DESKTOP-O37TKCR","reqId":"req-2l","res":{"statusCode":204},"responseTime":0.42199499998241663,"msg":"request completed"}
{"level":30,"time":1769820351223,"pid":45789,"hostname":"DESKTOP-O37TKCR","reqId":"req-2m","req":{"method":"OPTIONS","url":"/car/search?owner_id=Pm1ck6ojXiFujSHWQfTc","host":"localhost:4000","remoteAddress":"127.0.0.1","remotePort":42294},"msg":"incoming request"}
{"level":30,"time":1769820351223,"pid":45789,"hostname":"DESKTOP-O37TKCR","reqId":"req-2m","res":{"statusCode":204},"responseTime":0.1588039994239807,"msg":"request completed"}
{"level":30,"time":1769820351543,"pid":45789,"hostname":"DESKTOP-O37TKCR","reqId":"req-2n","req":{"method":"GET","url":"/car/search?owner_id=Pm1ck6ojXiFujSHWQfTc","host":"localhost:4000","remoteAddress":"127.0.0.1","remotePort":42310},"msg":"incoming request"}
{"level":30,"time":1769820351647,"pid":45789,"hostname":"DESKTOP-O37TKCR","reqId":"req-2n","res":{"statusCode":200},"responseTime":104.67117999959737,"msg":"request completed"}
{"level":30,"time":1769820351650,"pid":45789,"hostname":"DESKTOP-O37TKCR","reqId":"req-2o","req":{"method":"GET","url":"/car/search?owner_id=Pm1ck6ojXiFujSHWQfTc","host":"localhost:4000","remoteAddress":"127.0.0.1","remotePort":42310},"msg":"incoming request"}
{"level":30,"time":1769820351679,"pid":45789,"hostname":"DESKTOP-O37TKCR","reqId":"req-2o","res":{"statusCode":200},"responseTime":28.755083000287414,"msg":"request completed"}
{"level":30,"time":1769820351681,"pid":45789,"hostname":"DESKTOP-O37TKCR","reqId":"req-2p","req":{"method":"GET","url":"/static/72ZNhd1Mz64aVcmOCWqr.jpg","host":"localhost:4000","remoteAddress":"127.0.0.1","remotePort":42310},"msg":"incoming request"}
{"level":30,"time":1769820351693,"pid":45789,"hostname":"DESKTOP-O37TKCR","reqId":"req-2p","res":{"statusCode":304},"responseTime":12.167019999586046,"msg":"request completed"}
